2024-12-11T18:40:09.521Z log:: FirebaseError: Firebase: Error (auth/api-key-not-valid.-please-pass-a-valid-api-key.). 
2024-12-11T18:40:24.074Z log:: FirebaseError: Firebase: Error (auth/api-key-not-valid.-please-pass-a-valid-api-key.). 
2024-12-11T18:40:40.101Z log:: FirebaseError: Firebase: Error (auth/api-key-not-valid.-please-pass-a-valid-api-key.). 
2024-12-11T18:40:54.851Z log:: FirebaseError: Firebase: Error (auth/api-key-not-valid.-please-pass-a-valid-api-key.). 
2024-12-11T18:42:34.584Z log:: FirebaseError: Firebase: Error (auth/api-key-not-valid.-please-pass-a-valid-api-key.). 
2024-12-11T18:43:49.467Z log:: FirebaseError: Firebase: Error (auth/api-key-not-valid.-please-pass-a-valid-api-key.). 
2024-12-11T18:44:13.455Z log:: FirebaseError: Firebase: Error (auth/api-key-not-valid.-please-pass-a-valid-api-key.). 
2024-12-11T18:44:19.783Z log:: FirebaseError: Firebase: Error (auth/api-key-not-valid.-please-pass-a-valid-api-key.). 
2024-12-11T18:45:49.481Z log:: FirebaseError: Firebase: Error (auth/api-key-not-valid.-please-pass-a-valid-api-key.). 
2024-12-11T18:46:10.966Z log:: FirebaseError: Firebase: Error (auth/api-key-not-valid.-please-pass-a-valid-api-key.). 
2024-12-11T18:49:59.987Z log:: FirebaseError: Firebase: Error (auth/api-key-not-valid.-please-pass-a-valid-api-key.). 
2024-12-11T20:11:13.814Z log:: [object Object] 
2024-12-11T20:11:16.405Z log:: Image Uploaded: https://res.cloudinary.com/dsiufdirp/image/upload/f_auto,q_auto/cz1jjkwowyucbkntfdm0?_a=BAMABkd+0 
2024-12-11T20:11:17.858Z log:: Newsletter sent successfully: Email sent successfully 
2024-12-11T20:20:39.217Z log:: [object Object] 
2024-12-11T20:20:42.278Z log:: Image Uploaded: https://res.cloudinary.com/dsiufdirp/image/upload/f_auto,q_auto/bzy4dqhtl6s7lh0yh5ta?_a=BAMABkd+0 
2024-12-11T20:20:43.540Z log:: Newsletter sent successfully: Email sent successfully 
2024-12-11T20:27:28.438Z log:: [object Object] 
2024-12-11T20:27:31.512Z log:: Image Uploaded: https://res.cloudinary.com/dsiufdirp/image/upload/f_auto,q_auto/pglc3nqcer4w9imuwpwt?_a=BAMABkd+0 
2024-12-11T20:27:32.613Z log:: Newsletter sent successfully: Email sent successfully 
2024-12-11T20:28:56.484Z log:: [object Object] 
2024-12-11T20:29:00.847Z log:: Image Uploaded: https://res.cloudinary.com/dsiufdirp/image/upload/f_auto,q_auto/ts2bifbqtwezobprlhvb?_a=BAMABkd+0 
2024-12-11T20:29:02.242Z log:: Newsletter sent successfully: Email sent successfully 
2024-12-11T20:32:39.596Z log:: [object Object] 
2024-12-11T20:32:43.576Z log:: Image Uploaded: https://res.cloudinary.com/dsiufdirp/image/upload/f_auto,q_auto/zhth4a73u0rgfpnge50o?_a=BAMABkd+0 
2024-12-11T20:32:45.209Z log:: Newsletter sent successfully: Email sent successfully 
2024-12-11T20:34:30.115Z log:: [object Object] 
2024-12-11T20:34:33.370Z log:: Image Uploaded: https://res.cloudinary.com/dsiufdirp/image/upload/f_auto,q_auto/qtlo4oy08ddejdpbxuq0?_a=BAMABkd+0 
2024-12-11T20:34:34.367Z log:: Message: <!DOCTYPE html>
<html lang="en">
  <head>
    <meta charset="UTF-8" />
    <meta name="viewport" content="width=device-width, initial-scale=1.0" />
    <title>USMLE Bros</title>
  </head>
  <body style="font-family: sans-serif; background: linear-gradient(#438796, #ffffff); color: #4D9BA9; margin: 0; padding: 0; width: 100%; text-align: center;">
    <div style="max-width: 90%; margin: 20px auto; padding: 20px; background-color: #ffffff; box-shadow: 0px 4px 12px rgba(0, 0, 0, 0.1); border: 2px solid #4D9BA9;">
      <h1 style="color: #438796; font-size: 2.5em; margin: 20px 0;">asdadsa222aaa</h1>
      <div style="text-align: left;">
        <p style="color: #4D9BA9; font-weight: bold;">Greetings,</p>
        undefined
        <p style="color: #4D9BA9;">Kind Regards,</p>
        <p style="color: #4D9BA9;">Admin, USMLE Bros</p>
      </div>
    </div>
  </body>
</html> 
2024-12-11T20:34:35.370Z log:: Newsletter sent successfully: Email sent successfully 
2024-12-11T20:35:40.747Z log:: [object Object] 
2024-12-11T20:35:42.911Z log:: Image Uploaded: https://res.cloudinary.com/dsiufdirp/image/upload/f_auto,q_auto/ckr2eqc42olompfvqotx?_a=BAMABkd+0 
2024-12-11T20:35:44.193Z log:: Newsletter sent successfully: Email sent successfully 
2024-12-11T20:37:09.852Z log:: [object Object] 
2024-12-11T20:37:12.308Z log:: Image Uploaded: https://res.cloudinary.com/dsiufdirp/image/upload/f_auto,q_auto/dte76xuqaeak3wvjsdu2?_a=BAMABkd+0 
2024-12-11T20:37:13.406Z log:: Newsletter sent successfully: Email sent successfully 
2024-12-11T20:38:55.874Z log:: [object Object] 
2024-12-11T20:38:58.794Z log:: Image Uploaded: https://res.cloudinary.com/dsiufdirp/image/upload/f_auto,q_auto/j9fgeyw0ph8ynzbobs1c?_a=BAMABkd+0 
2024-12-11T20:39:00.136Z log:: Newsletter sent successfully: Email sent successfully 
2024-12-11T20:44:50.989Z log:: Token verification failed: SyntaxError: Unexpected token < in JSON at position 0 
2024-12-11T20:44:50.990Z log:: Token verification failed: SyntaxError: Unexpected token < in JSON at position 0 
2024-12-11T20:47:59.186Z log:: [object Object] 
2024-12-11T20:48:02.638Z log:: Image Uploaded: https://res.cloudinary.com/dsiufdirp/image/upload/f_auto,q_auto/dc8vjvjuqp2gwme4wtma?_a=BAMABkd+0 
2024-12-11T20:50:35.155Z log:: [object Object] 
